# JRE version: OpenJDK Runtime Environment (11.0.8+10) (build 11.0.8+10-b944.6842174)
# Java VM: OpenJDK 64-Bit Server VM (11.0.8+10-b944.6842174, mixed mode, tiered, compressed oops, g1 gc, windows-amd64)
Heap:
 garbage-first heap   total 247808K, used 149250K [0x0000000080000000, 0x0000000100000000)
  region size 1024K, 2 young (2048K), 2 survivors (2048K)
 Metaspace       used 113709K, capacity 116221K, committed 116352K, reserved 1150976K
  class space    used 14032K, capacity 14925K, committed 14976K, reserved 1048576K
GC Heap History (20 events):
Event: 2273.304 GC heap after
{Heap after GC invocations=45 (full 0):
 garbage-first heap   total 183296K, used 112107K [0x0000000080000000, 0x0000000100000000)
  region size 1024K, 4 young (4096K), 4 survivors (4096K)
 Metaspace       used 111547K, capacity 114024K, committed 114304K, reserved 1148928K
  class space    used 13640K, capacity 14527K, committed 14720K, reserved 1048576K
}
Event: 2274.037 GC heap before
{Heap before GC invocations=45 (full 0):
 garbage-first heap   total 183296K, used 149995K [0x0000000080000000, 0x0000000100000000)
  region size 1024K, 42 young (43008K), 4 survivors (4096K)
 Metaspace       used 112602K, capacity 115074K, committed 115456K, reserved 1150976K
  class space    used 13780K, capacity 14664K, committed 14848K, reserved 1048576K
}
Event: 2274.051 GC heap after
{Heap after GC invocations=46 (full 0):
 garbage-first heap   total 183296K, used 115129K [0x0000000080000000, 0x0000000100000000)
  region size 1024K, 6 young (6144K), 6 survivors (6144K)
 Metaspace       used 112602K, capacity 115074K, committed 115456K, reserved 1150976K
  class space    used 13780K, capacity 14664K, committed 14848K, reserved 1048576K
}
Event: 2274.474 GC heap before
{Heap before GC invocations=46 (full 0):
 garbage-first heap   total 183296K, used 135609K [0x0000000080000000, 0x0000000100000000)
  region size 1024K, 24 young (24576K), 6 survivors (6144K)
 Metaspace       used 112809K, capacity 115291K, committed 115712K, reserved 1150976K
  class space    used 13803K, capacity 14670K, committed 14848K, reserved 1048576K
}
Event: 2274.486 GC heap after
{Heap after GC invocations=47 (full 0):
 garbage-first heap   total 183296K, used 122272K [0x0000000080000000, 0x0000000100000000)
  region size 1024K, 6 young (6144K), 6 survivors (6144K)
 Metaspace       used 112809K, capacity 115291K, committed 115712K, reserved 1150976K
  class space    used 13803K, capacity 14670K, committed 14848K, reserved 1048576K
}
Event: 2274.967 GC heap before
{Heap before GC invocations=48 (full 0):
 garbage-first heap   total 183296K, used 159136K [0x0000000080000000, 0x0000000100000000)
  region size 1024K, 35 young (35840K), 6 survivors (6144K)
 Metaspace       used 111487K, capacity 113994K, committed 115712K, reserved 1150976K
  class space    used 13637K, capacity 14488K, committed 14848K, reserved 1048576K
}
Event: 2274.984 GC heap after
{Heap after GC invocations=49 (full 0):
 garbage-first heap   total 183296K, used 126770K [0x0000000080000000, 0x0000000100000000)
  region size 1024K, 5 young (5120K), 5 survivors (5120K)
 Metaspace       used 111487K, capacity 113994K, committed 115712K, reserved 1150976K
  class space    used 13637K, capacity 14488K, committed 14848K, reserved 1048576K
}
Event: 2275.004 GC heap before
{Heap before GC invocations=49 (full 0):
 garbage-first heap   total 183296K, used 128818K [0x0000000080000000, 0x0000000100000000)
  region size 1024K, 8 young (8192K), 5 survivors (5120K)
 Metaspace       used 111491K, capacity 113994K, committed 115712K, reserved 1150976K
  class space    used 13637K, capacity 14488K, committed 14848K, reserved 1048576K
}
Event: 2275.030 GC heap after
{Heap after GC invocations=50 (full 0):
 garbage-first heap   total 183296K, used 114639K [0x0000000080000000, 0x0000000100000000)
  region size 1024K, 1 young (1024K), 1 survivors (1024K)
 Metaspace       used 111491K, capacity 113994K, committed 115712K, reserved 1150976K
  class space    used 13637K, capacity 14488K, committed 14848K, reserved 1048576K
}
Event: 2275.069 GC heap before
{Heap before GC invocations=50 (full 0):
 garbage-first heap   total 183296K, used 121807K [0x0000000080000000, 0x0000000100000000)
  region size 1024K, 8 young (8192K), 1 survivors (1024K)
 Metaspace       used 111492K, capacity 113994K, committed 115712K, reserved 1150976K
  class space    used 13637K, capacity 14488K, committed 14848K, reserved 1048576K
}
Event: 2275.088 GC heap after
{Heap after GC invocations=51 (full 0):
 garbage-first heap   total 183296K, used 114077K [0x0000000080000000, 0x0000000100000000)
  region size 1024K, 1 young (1024K), 1 survivors (1024K)
 Metaspace       used 111492K, capacity 113994K, committed 115712K, reserved 1150976K
  class space    used 13637K, capacity 14488K, committed 14848K, reserved 1048576K
}
Event: 2275.294 GC heap before
{Heap before GC invocations=51 (full 0):
 garbage-first heap   total 183296K, used 143773K [0x0000000080000000, 0x0000000100000000)
  region size 1024K, 31 young (31744K), 1 survivors (1024K)
 Metaspace       used 111566K, capacity 114001K, committed 115712K, reserved 1150976K
  class space    used 13647K, capacity 14490K, committed 14848K, reserved 1048576K
}
Event: 2275.319 GC heap after
{Heap after GC invocations=52 (full 0):
 garbage-first heap   total 183296K, used 121856K [0x0000000080000000, 0x0000000100000000)
  region size 1024K, 4 young (4096K), 4 survivors (4096K)
 Metaspace       used 111566K, capacity 114001K, committed 115712K, reserved 1150976K
  class space    used 13647K, capacity 14490K, committed 14848K, reserved 1048576K
}
Event: 2275.726 GC heap before
{Heap before GC invocations=52 (full 0):
 garbage-first heap   total 183296K, used 148480K [0x0000000080000000, 0x0000000100000000)
  region size 1024K, 30 young (30720K), 4 survivors (4096K)
 Metaspace       used 113606K, capacity 116083K, committed 116352K, reserved 1150976K
  class space    used 14032K, capacity 14924K, committed 14976K, reserved 1048576K
}
Event: 2275.750 GC heap after
{Heap after GC invocations=53 (full 0):
 garbage-first heap   total 183296K, used 130283K [0x0000000080000000, 0x0000000100000000)
  region size 1024K, 4 young (4096K), 4 survivors (4096K)
 Metaspace       used 113606K, capacity 116083K, committed 116352K, reserved 1150976K
  class space    used 14032K, capacity 14924K, committed 14976K, reserved 1048576K
}
Event: 2275.862 GC heap before
{Heap before GC invocations=53 (full 0):
 garbage-first heap   total 183296K, used 149739K [0x0000000080000000, 0x0000000100000000)
  region size 1024K, 23 young (23552K), 4 survivors (4096K)
 Metaspace       used 113674K, capacity 116219K, committed 116352K, reserved 1150976K
  class space    used 14032K, capacity 14925K, committed 14976K, reserved 1048576K
}
Event: 2275.886 GC heap after
{Heap after GC invocations=54 (full 0):
 garbage-first heap   total 183296K, used 138574K [0x0000000080000000, 0x0000000100000000)
  region size 1024K, 3 young (3072K), 3 survivors (3072K)
 Metaspace       used 113674K, capacity 116219K, committed 116352K, reserved 1150976K
  class space    used 14032K, capacity 14925K, committed 14976K, reserved 1048576K
}
Event: 2276.025 GC heap before
{Heap before GC invocations=54 (full 0):
 garbage-first heap   total 183296K, used 151886K [0x0000000080000000, 0x0000000100000000)
  region size 1024K, 16 young (16384K), 3 survivors (3072K)
 Metaspace       used 113689K, capacity 116221K, committed 116352K, reserved 1150976K
  class space    used 14032K, capacity 14925K, committed 14976K, reserved 1048576K
}
Event: 2276.036 GC heap after
{Heap after GC invocations=55 (full 0):
 garbage-first heap   total 183296K, used 146432K [0x0000000080000000, 0x0000000100000000)
  region size 1024K, 2 young (2048K), 2 survivors (2048K)
 Metaspace       used 113689K, capacity 116221K, committed 116352K, reserved 1150976K
  class space    used 14032K, capacity 14925K, committed 14976K, reserved 1048576K
}
Event: 2276.104 GC heap before
{Heap before GC invocations=55 (full 0):
 garbage-first heap   total 183296K, used 153600K [0x0000000080000000, 0x0000000100000000)
  region size 1024K, 10 young (10240K), 2 survivors (2048K)
 Metaspace       used 113709K, capacity 116221K, committed 116352K, reserved 1150976K
  class space    used 14032K, capacity 14925K, committed 14976K, reserved 1048576K
}

