# JRE version: OpenJDK Runtime Environment (11.0.8+10) (build 11.0.8+10-b944.6842174)
# Java VM: OpenJDK 64-Bit Server VM (11.0.8+10-b944.6842174, mixed mode, tiered, compressed oops, g1 gc, windows-amd64)
Heap:
 garbage-first heap   total 435200K, used 163808K [0x0000000080000000, 0x0000000100000000)
  region size 1024K, 30 young (30720K), 5 survivors (5120K)
 Metaspace       used 145866K, capacity 149756K, committed 150000K, reserved 1179648K
  class space    used 17586K, capacity 18959K, committed 19072K, reserved 1048576K
GC Heap History (20 events):
Event: 291.559 GC heap before
{Heap before GC invocations=97 (full 0):
 garbage-first heap   total 435200K, used 313130K [0x0000000080000000, 0x0000000100000000)
  region size 1024K, 111 young (113664K), 6 survivors (6144K)
 Metaspace       used 143883K, capacity 147615K, committed 147952K, reserved 1179648K
  class space    used 17393K, capacity 18704K, committed 18816K, reserved 1048576K
}
Event: 291.578 GC heap after
{Heap after GC invocations=98 (full 0):
 garbage-first heap   total 435200K, used 210685K [0x0000000080000000, 0x0000000100000000)
  region size 1024K, 14 young (14336K), 14 survivors (14336K)
 Metaspace       used 143883K, capacity 147615K, committed 147952K, reserved 1179648K
  class space    used 17393K, capacity 18704K, committed 18816K, reserved 1048576K
}
Event: 291.604 GC heap before
{Heap before GC invocations=98 (full 0):
 garbage-first heap   total 435200K, used 217853K [0x0000000080000000, 0x0000000100000000)
  region size 1024K, 21 young (21504K), 14 survivors (14336K)
 Metaspace       used 143887K, capacity 147615K, committed 147952K, reserved 1179648K
  class space    used 17393K, capacity 18704K, committed 18816K, reserved 1048576K
}
Event: 291.628 GC heap after
{Heap after GC invocations=99 (full 0):
 garbage-first heap   total 435200K, used 197625K [0x0000000080000000, 0x0000000100000000)
  region size 1024K, 3 young (3072K), 3 survivors (3072K)
 Metaspace       used 143887K, capacity 147615K, committed 147952K, reserved 1179648K
  class space    used 17393K, capacity 18704K, committed 18816K, reserved 1048576K
}
Event: 291.909 GC heap before
{Heap before GC invocations=99 (full 0):
 garbage-first heap   total 435200K, used 230393K [0x0000000080000000, 0x0000000100000000)
  region size 1024K, 37 young (37888K), 3 survivors (3072K)
 Metaspace       used 143898K, capacity 147615K, committed 147952K, reserved 1179648K
  class space    used 17393K, capacity 18704K, committed 18816K, reserved 1048576K
}
Event: 291.919 GC heap after
{Heap after GC invocations=100 (full 0):
 garbage-first heap   total 435200K, used 197725K [0x0000000080000000, 0x0000000100000000)
  region size 1024K, 3 young (3072K), 3 survivors (3072K)
 Metaspace       used 143898K, capacity 147615K, committed 147952K, reserved 1179648K
  class space    used 17393K, capacity 18704K, committed 18816K, reserved 1048576K
}
Event: 470.924 GC heap before
{Heap before GC invocations=101 (full 0):
 garbage-first heap   total 435200K, used 326749K [0x0000000080000000, 0x0000000100000000)
  region size 1024K, 131 young (134144K), 3 survivors (3072K)
 Metaspace       used 145334K, capacity 149150K, committed 149360K, reserved 1179648K
  class space    used 17566K, capacity 18928K, committed 18944K, reserved 1048576K
}
Event: 470.932 GC heap after
{Heap after GC invocations=102 (full 0):
 garbage-first heap   total 435200K, used 165855K [0x0000000080000000, 0x0000000100000000)
  region size 1024K, 3 young (3072K), 3 survivors (3072K)
 Metaspace       used 145334K, capacity 149150K, committed 149360K, reserved 1179648K
  class space    used 17566K, capacity 18928K, committed 18944K, reserved 1048576K
}
Event: 471.432 GC heap before
{Heap before GC invocations=102 (full 0):
 garbage-first heap   total 435200K, used 183263K [0x0000000080000000, 0x0000000100000000)
  region size 1024K, 21 young (21504K), 3 survivors (3072K)
 Metaspace       used 145511K, capacity 149367K, committed 149744K, reserved 1179648K
  class space    used 17577K, capacity 18947K, committed 19072K, reserved 1048576K
}
Event: 471.444 GC heap after
{Heap after GC invocations=103 (full 0):
 garbage-first heap   total 435200K, used 147262K [0x0000000080000000, 0x0000000100000000)
  region size 1024K, 3 young (3072K), 3 survivors (3072K)
 Metaspace       used 145511K, capacity 149367K, committed 149744K, reserved 1179648K
  class space    used 17577K, capacity 18947K, committed 19072K, reserved 1048576K
}
Event: 471.851 GC heap before
{Heap before GC invocations=103 (full 0):
 garbage-first heap   total 435200K, used 169790K [0x0000000080000000, 0x0000000100000000)
  region size 1024K, 26 young (26624K), 3 survivors (3072K)
 Metaspace       used 145516K, capacity 149367K, committed 149744K, reserved 1179648K
  class space    used 17577K, capacity 18947K, committed 19072K, reserved 1048576K
}
Event: 471.861 GC heap after
{Heap after GC invocations=104 (full 0):
 garbage-first heap   total 435200K, used 147881K [0x0000000080000000, 0x0000000100000000)
  region size 1024K, 4 young (4096K), 4 survivors (4096K)
 Metaspace       used 145516K, capacity 149367K, committed 149744K, reserved 1179648K
  class space    used 17577K, capacity 18947K, committed 19072K, reserved 1048576K
}
Event: 475.500 GC heap before
{Heap before GC invocations=105 (full 0):
 garbage-first heap   total 435200K, used 308649K [0x0000000080000000, 0x0000000100000000)
  region size 1024K, 146 young (149504K), 4 survivors (4096K)
 Metaspace       used 145661K, capacity 149447K, committed 149744K, reserved 1179648K
  class space    used 17582K, capacity 18952K, committed 19072K, reserved 1048576K
}
Event: 475.511 GC heap after
{Heap after GC invocations=106 (full 0):
 garbage-first heap   total 435200K, used 150704K [0x0000000080000000, 0x0000000100000000)
  region size 1024K, 7 young (7168K), 7 survivors (7168K)
 Metaspace       used 145661K, capacity 149447K, committed 149744K, reserved 1179648K
  class space    used 17582K, capacity 18952K, committed 19072K, reserved 1048576K
}
Event: 475.703 GC heap before
{Heap before GC invocations=106 (full 0):
 garbage-first heap   total 435200K, used 164016K [0x0000000080000000, 0x0000000100000000)
  region size 1024K, 21 young (21504K), 7 survivors (7168K)
 Metaspace       used 145682K, capacity 149514K, committed 149744K, reserved 1179648K
  class space    used 17582K, capacity 18952K, committed 19072K, reserved 1048576K
}
Event: 475.722 GC heap after
{Heap after GC invocations=107 (full 0):
 garbage-first heap   total 435200K, used 134632K [0x0000000080000000, 0x0000000100000000)
  region size 1024K, 1 young (1024K), 1 survivors (1024K)
 Metaspace       used 145682K, capacity 149514K, committed 149744K, reserved 1179648K
  class space    used 17582K, capacity 18952K, committed 19072K, reserved 1048576K
}
Event: 475.878 GC heap before
{Heap before GC invocations=107 (full 0):
 garbage-first heap   total 435200K, used 144872K [0x0000000080000000, 0x0000000100000000)
  region size 1024K, 12 young (12288K), 1 survivors (1024K)
 Metaspace       used 145689K, capacity 149578K, committed 149744K, reserved 1179648K
  class space    used 17582K, capacity 18952K, committed 19072K, reserved 1048576K
}
Event: 475.885 GC heap after
{Heap after GC invocations=108 (full 0):
 garbage-first heap   total 435200K, used 134590K [0x0000000080000000, 0x0000000100000000)
  region size 1024K, 1 young (1024K), 1 survivors (1024K)
 Metaspace       used 145689K, capacity 149578K, committed 149744K, reserved 1179648K
  class space    used 17582K, capacity 18952K, committed 19072K, reserved 1048576K
}
Event: 530.503 GC heap before
{Heap before GC invocations=109 (full 0):
 garbage-first heap   total 435200K, used 208318K [0x0000000080000000, 0x0000000100000000)
  region size 1024K, 63 young (64512K), 1 survivors (1024K)
 Metaspace       used 145857K, capacity 149692K, committed 150000K, reserved 1179648K
  class space    used 17586K, capacity 18959K, committed 19072K, reserved 1048576K
}
Event: 530.518 GC heap after
{Heap after GC invocations=110 (full 0):
 garbage-first heap   total 435200K, used 138208K [0x0000000080000000, 0x0000000100000000)
  region size 1024K, 5 young (5120K), 5 survivors (5120K)
 Metaspace       used 145857K, capacity 149692K, committed 150000K, reserved 1179648K
  class space    used 17586K, capacity 18959K, committed 19072K, reserved 1048576K
}

