# JRE version: OpenJDK Runtime Environment (11.0.8+10) (build 11.0.8+10-b944.6842174)
# Java VM: OpenJDK 64-Bit Server VM (11.0.8+10-b944.6842174, mixed mode, tiered, compressed oops, g1 gc, windows-amd64)
Heap:
 garbage-first heap   total 183296K, used 112858K [0x0000000080000000, 0x0000000100000000)
  region size 1024K, 5 young (5120K), 4 survivors (4096K)
 Metaspace       used 112756K, capacity 116296K, committed 116608K, reserved 1150976K
  class space    used 13943K, capacity 15129K, committed 15232K, reserved 1048576K
GC Heap History (20 events):
Event: 1866.248 GC heap before
{Heap before GC invocations=50 (full 0):
 garbage-first heap   total 183296K, used 151326K [0x0000000080000000, 0x0000000100000000)
  region size 1024K, 41 young (41984K), 1 survivors (1024K)
 Metaspace       used 111841K, capacity 115314K, committed 115456K, reserved 1148928K
  class space    used 13912K, capacity 15085K, committed 15104K, reserved 1048576K
}
Event: 1866.261 GC heap after
{Heap after GC invocations=51 (full 0):
 garbage-first heap   total 183296K, used 115268K [0x0000000080000000, 0x0000000100000000)
  region size 1024K, 5 young (5120K), 5 survivors (5120K)
 Metaspace       used 111841K, capacity 115314K, committed 115456K, reserved 1148928K
  class space    used 13912K, capacity 15085K, committed 15104K, reserved 1048576K
}
Event: 1866.882 GC heap before
{Heap before GC invocations=52 (full 0):
 garbage-first heap   total 183296K, used 152132K [0x0000000080000000, 0x0000000100000000)
  region size 1024K, 42 young (43008K), 5 survivors (5120K)
 Metaspace       used 111957K, capacity 115424K, committed 115712K, reserved 1150976K
  class space    used 13914K, capacity 15065K, committed 15104K, reserved 1048576K
}
Event: 1866.892 GC heap after
{Heap after GC invocations=53 (full 0):
 garbage-first heap   total 183296K, used 118403K [0x0000000080000000, 0x0000000100000000)
  region size 1024K, 4 young (4096K), 4 survivors (4096K)
 Metaspace       used 111957K, capacity 115424K, committed 115712K, reserved 1150976K
  class space    used 13914K, capacity 15065K, committed 15104K, reserved 1048576K
}
Event: 1866.935 GC heap before
{Heap before GC invocations=53 (full 0):
 garbage-first heap   total 183296K, used 121475K [0x0000000080000000, 0x0000000100000000)
  region size 1024K, 8 young (8192K), 4 survivors (4096K)
 Metaspace       used 111957K, capacity 115424K, committed 115712K, reserved 1150976K
  class space    used 13914K, capacity 15065K, committed 15104K, reserved 1048576K
}
Event: 1866.943 GC heap after
{Heap after GC invocations=54 (full 0):
 garbage-first heap   total 183296K, used 118408K [0x0000000080000000, 0x0000000100000000)
  region size 1024K, 1 young (1024K), 1 survivors (1024K)
 Metaspace       used 111957K, capacity 115424K, committed 115712K, reserved 1150976K
  class space    used 13914K, capacity 15065K, committed 15104K, reserved 1048576K
}
Event: 1867.305 GC heap before
{Heap before GC invocations=54 (full 0):
 garbage-first heap   total 183296K, used 154248K [0x0000000080000000, 0x0000000100000000)
  region size 1024K, 37 young (37888K), 1 survivors (1024K)
 Metaspace       used 111991K, capacity 115428K, committed 115712K, reserved 1150976K
  class space    used 13914K, capacity 15066K, committed 15104K, reserved 1048576K
}
Event: 1867.311 GC heap after
{Heap after GC invocations=55 (full 0):
 garbage-first heap   total 183296K, used 119878K [0x0000000080000000, 0x0000000100000000)
  region size 1024K, 3 young (3072K), 3 survivors (3072K)
 Metaspace       used 111991K, capacity 115428K, committed 115712K, reserved 1150976K
  class space    used 13914K, capacity 15066K, committed 15104K, reserved 1048576K
}
Event: 1964.486 GC heap before
{Heap before GC invocations=56 (full 0):
 garbage-first heap   total 183296K, used 155718K [0x0000000080000000, 0x0000000100000000)
  region size 1024K, 38 young (38912K), 3 survivors (3072K)
 Metaspace       used 112208K, capacity 115496K, committed 115712K, reserved 1150976K
  class space    used 13922K, capacity 15054K, committed 15104K, reserved 1048576K
}
Event: 1964.494 GC heap after
{Heap after GC invocations=57 (full 0):
 garbage-first heap   total 183296K, used 122464K [0x0000000080000000, 0x0000000100000000)
  region size 1024K, 5 young (5120K), 5 survivors (5120K)
 Metaspace       used 112208K, capacity 115496K, committed 115712K, reserved 1150976K
  class space    used 13922K, capacity 15054K, committed 15104K, reserved 1048576K
}
Event: 1964.617 GC heap before
{Heap before GC invocations=57 (full 0):
 garbage-first heap   total 183296K, used 125536K [0x0000000080000000, 0x0000000100000000)
  region size 1024K, 8 young (8192K), 5 survivors (5120K)
 Metaspace       used 112309K, capacity 115744K, committed 115968K, reserved 1150976K
  class space    used 13933K, capacity 15094K, committed 15104K, reserved 1048576K
}
Event: 1964.629 GC heap after
{Heap after GC invocations=58 (full 0):
 garbage-first heap   total 183296K, used 116309K [0x0000000080000000, 0x0000000100000000)
  region size 1024K, 1 young (1024K), 1 survivors (1024K)
 Metaspace       used 112309K, capacity 115744K, committed 115968K, reserved 1150976K
  class space    used 13933K, capacity 15094K, committed 15104K, reserved 1048576K
}
Event: 1965.362 GC heap before
{Heap before GC invocations=58 (full 0):
 garbage-first heap   total 183296K, used 154197K [0x0000000080000000, 0x0000000100000000)
  region size 1024K, 39 young (39936K), 1 survivors (1024K)
 Metaspace       used 112535K, capacity 116025K, committed 116352K, reserved 1150976K
  class space    used 13953K, capacity 15150K, committed 15232K, reserved 1048576K
}
Event: 1965.378 GC heap after
{Heap after GC invocations=59 (full 0):
 garbage-first heap   total 183296K, used 119356K [0x0000000080000000, 0x0000000100000000)
  region size 1024K, 4 young (4096K), 4 survivors (4096K)
 Metaspace       used 112535K, capacity 116025K, committed 116352K, reserved 1150976K
  class space    used 13953K, capacity 15150K, committed 15232K, reserved 1048576K
}
Event: 1966.004 GC heap before
{Heap before GC invocations=60 (full 0):
 garbage-first heap   total 183296K, used 153148K [0x0000000080000000, 0x0000000100000000)
  region size 1024K, 39 young (39936K), 4 survivors (4096K)
 Metaspace       used 112346K, capacity 115812K, committed 116352K, reserved 1150976K
  class space    used 13897K, capacity 15046K, committed 15232K, reserved 1048576K
}
Event: 1966.014 GC heap after
{Heap after GC invocations=61 (full 0):
 garbage-first heap   total 183296K, used 119736K [0x0000000080000000, 0x0000000100000000)
  region size 1024K, 2 young (2048K), 2 survivors (2048K)
 Metaspace       used 112346K, capacity 115812K, committed 116352K, reserved 1150976K
  class space    used 13897K, capacity 15046K, committed 15232K, reserved 1048576K
}
Event: 1966.057 GC heap before
{Heap before GC invocations=61 (full 0):
 garbage-first heap   total 183296K, used 125880K [0x0000000080000000, 0x0000000100000000)
  region size 1024K, 8 young (8192K), 2 survivors (2048K)
 Metaspace       used 112359K, capacity 115817K, committed 116352K, reserved 1150976K
  class space    used 13897K, capacity 15046K, committed 15232K, reserved 1048576K
}
Event: 1966.074 GC heap after
{Heap after GC invocations=62 (full 0):
 garbage-first heap   total 183296K, used 109334K [0x0000000080000000, 0x0000000100000000)
  region size 1024K, 1 young (1024K), 1 survivors (1024K)
 Metaspace       used 112359K, capacity 115817K, committed 116352K, reserved 1150976K
  class space    used 13897K, capacity 15046K, committed 15232K, reserved 1048576K
}
Event: 2012.045 GC heap before
{Heap before GC invocations=62 (full 0):
 garbage-first heap   total 183296K, used 115478K [0x0000000080000000, 0x0000000100000000)
  region size 1024K, 8 young (8192K), 1 survivors (1024K)
 Metaspace       used 112381K, capacity 115823K, committed 116352K, reserved 1150976K
  class space    used 13898K, capacity 15048K, committed 15232K, reserved 1048576K
}
Event: 2012.066 GC heap after
{Heap after GC invocations=63 (full 0):
 garbage-first heap   total 183296K, used 109687K [0x0000000080000000, 0x0000000100000000)
  region size 1024K, 1 young (1024K), 1 survivors (1024K)
 Metaspace       used 112381K, capacity 115823K, committed 116352K, reserved 1150976K
  class space    used 13898K, capacity 15048K, committed 15232K, reserved 1048576K
}

