# JRE version: OpenJDK Runtime Environment (11.0.8+10) (build 11.0.8+10-b944.6842174)
# Java VM: OpenJDK 64-Bit Server VM (11.0.8+10-b944.6842174, mixed mode, tiered, compressed oops, g1 gc, windows-amd64)
Heap:
 garbage-first heap   total 273408K, used 133560K [0x0000000080000000, 0x0000000100000000)
  region size 1024K, 5 young (5120K), 5 survivors (5120K)
 Metaspace       used 88454K, capacity 90617K, committed 90700K, reserved 1128448K
  class space    used 11574K, capacity 12343K, committed 12364K, reserved 1048576K
GC Heap History (20 events):
Event: 5.151 GC heap after
{Heap after GC invocations=10 (full 0):
 garbage-first heap   total 152576K, used 25117K [0x0000000080000000, 0x0000000100000000)
  region size 1024K, 7 young (7168K), 7 survivors (7168K)
 Metaspace       used 41670K, capacity 42599K, committed 42828K, reserved 1087488K
  class space    used 5344K, capacity 5676K, committed 5708K, reserved 1048576K
}
Event: 6.103 GC heap before
{Heap before GC invocations=10 (full 0):
 garbage-first heap   total 152576K, used 100893K [0x0000000080000000, 0x0000000100000000)
  region size 1024K, 79 young (80896K), 7 survivors (7168K)
 Metaspace       used 45044K, capacity 46030K, committed 46156K, reserved 1089536K
  class space    used 5768K, capacity 6133K, committed 6220K, reserved 1048576K
}
Event: 6.121 GC heap after
{Heap after GC invocations=11 (full 0):
 garbage-first heap   total 152576K, used 38599K [0x0000000080000000, 0x0000000100000000)
  region size 1024K, 10 young (10240K), 10 survivors (10240K)
 Metaspace       used 45044K, capacity 46030K, committed 46156K, reserved 1089536K
  class space    used 5768K, capacity 6133K, committed 6220K, reserved 1048576K
}
Event: 7.430 GC heap before
{Heap before GC invocations=11 (full 0):
 garbage-first heap   total 152576K, used 110279K [0x0000000080000000, 0x0000000100000000)
  region size 1024K, 80 young (81920K), 10 survivors (10240K)
 Metaspace       used 56116K, capacity 57464K, committed 57676K, reserved 1099776K
  class space    used 7131K, capacity 7630K, committed 7756K, reserved 1048576K
}
Event: 7.443 GC heap after
{Heap after GC invocations=12 (full 0):
 garbage-first heap   total 183296K, used 43008K [0x0000000080000000, 0x0000000100000000)
  region size 1024K, 4 young (4096K), 4 survivors (4096K)
 Metaspace       used 56116K, capacity 57464K, committed 57676K, reserved 1099776K
  class space    used 7131K, capacity 7630K, committed 7756K, reserved 1048576K
}
Event: 7.911 GC heap before
{Heap before GC invocations=12 (full 0):
 garbage-first heap   total 183296K, used 74752K [0x0000000080000000, 0x0000000100000000)
  region size 1024K, 36 young (36864K), 4 survivors (4096K)
 Metaspace       used 58790K, capacity 60156K, committed 60236K, reserved 1101824K
  class space    used 7443K, capacity 7940K, committed 8012K, reserved 1048576K
}
Event: 7.922 GC heap after
{Heap after GC invocations=13 (full 0):
 garbage-first heap   total 183296K, used 45881K [0x0000000080000000, 0x0000000100000000)
  region size 1024K, 7 young (7168K), 7 survivors (7168K)
 Metaspace       used 58790K, capacity 60156K, committed 60236K, reserved 1101824K
  class space    used 7443K, capacity 7940K, committed 8012K, reserved 1048576K
}
Event: 9.305 GC heap before
{Heap before GC invocations=14 (full 0):
 garbage-first heap   total 183296K, used 129849K [0x0000000080000000, 0x0000000100000000)
  region size 1024K, 89 young (91136K), 7 survivors (7168K)
 Metaspace       used 66114K, capacity 67657K, committed 67916K, reserved 1107968K
  class space    used 8619K, capacity 9188K, committed 9292K, reserved 1048576K
}
Event: 9.319 GC heap after
{Heap after GC invocations=15 (full 0):
 garbage-first heap   total 183296K, used 51200K [0x0000000080000000, 0x0000000100000000)
  region size 1024K, 9 young (9216K), 9 survivors (9216K)
 Metaspace       used 66114K, capacity 67657K, committed 67916K, reserved 1107968K
  class space    used 8619K, capacity 9188K, committed 9292K, reserved 1048576K
}
Event: 10.897 GC heap before
{Heap before GC invocations=15 (full 0):
 garbage-first heap   total 183296K, used 135168K [0x0000000080000000, 0x0000000100000000)
  region size 1024K, 92 young (94208K), 9 survivors (9216K)
 Metaspace       used 75087K, capacity 76896K, committed 77132K, reserved 1116160K
  class space    used 9810K, capacity 10460K, committed 10572K, reserved 1048576K
}
Event: 10.913 GC heap after
{Heap after GC invocations=16 (full 0):
 garbage-first heap   total 183296K, used 57085K [0x0000000080000000, 0x0000000100000000)
  region size 1024K, 12 young (12288K), 12 survivors (12288K)
 Metaspace       used 75087K, capacity 76896K, committed 77132K, reserved 1116160K
  class space    used 9810K, capacity 10460K, committed 10572K, reserved 1048576K
}
Event: 12.238 GC heap before
{Heap before GC invocations=16 (full 0):
 garbage-first heap   total 183296K, used 140029K [0x0000000080000000, 0x0000000100000000)
  region size 1024K, 94 young (96256K), 12 survivors (12288K)
 Metaspace       used 76265K, capacity 78141K, committed 78284K, reserved 1116160K
  class space    used 9892K, capacity 10570K, committed 10700K, reserved 1048576K
}
Event: 12.257 GC heap after
{Heap after GC invocations=17 (full 0):
 garbage-first heap   total 220160K, used 63123K [0x0000000080000000, 0x0000000100000000)
  region size 1024K, 12 young (12288K), 12 survivors (12288K)
 Metaspace       used 76265K, capacity 78141K, committed 78284K, reserved 1116160K
  class space    used 9892K, capacity 10570K, committed 10700K, reserved 1048576K
}
Event: 13.560 GC heap before
{Heap before GC invocations=17 (full 0):
 garbage-first heap   total 220160K, used 155283K [0x0000000080000000, 0x0000000100000000)
  region size 1024K, 103 young (105472K), 12 survivors (12288K)
 Metaspace       used 81007K, capacity 82884K, committed 83148K, reserved 1122304K
  class space    used 10481K, capacity 11169K, committed 11212K, reserved 1048576K
}
Event: 13.587 GC heap after
{Heap after GC invocations=18 (full 0):
 garbage-first heap   total 220160K, used 69082K [0x0000000080000000, 0x0000000100000000)
  region size 1024K, 13 young (13312K), 13 survivors (13312K)
 Metaspace       used 81007K, capacity 82884K, committed 83148K, reserved 1122304K
  class space    used 10481K, capacity 11169K, committed 11212K, reserved 1048576K
}
Event: 14.917 GC heap before
{Heap before GC invocations=18 (full 0):
 garbage-first heap   total 220160K, used 178650K [0x0000000080000000, 0x0000000100000000)
  region size 1024K, 106 young (108544K), 13 survivors (13312K)
 Metaspace       used 85956K, capacity 88062K, committed 88396K, reserved 1126400K
  class space    used 11250K, capacity 11997K, committed 12108K, reserved 1048576K
}
Event: 14.967 GC heap after
{Heap after GC invocations=19 (full 0):
 garbage-first heap   total 222208K, used 108538K [0x0000000080000000, 0x0000000100000000)
  region size 1024K, 14 young (14336K), 14 survivors (14336K)
 Metaspace       used 85956K, capacity 88062K, committed 88396K, reserved 1126400K
  class space    used 11250K, capacity 11997K, committed 12108K, reserved 1048576K
}
Event: 15.286 GC heap before
{Heap before GC invocations=19 (full 0):
 garbage-first heap   total 222208K, used 144378K [0x0000000080000000, 0x0000000100000000)
  region size 1024K, 49 young (50176K), 14 survivors (14336K)
 Metaspace       used 86481K, capacity 88577K, committed 88652K, reserved 1126400K
  class space    used 11325K, capacity 12082K, committed 12108K, reserved 1048576K
}
Event: 15.340 GC heap after
{Heap after GC invocations=20 (full 0):
 garbage-first heap   total 222208K, used 127488K [0x0000000080000000, 0x0000000100000000)
  region size 1024K, 7 young (7168K), 7 survivors (7168K)
 Metaspace       used 86481K, capacity 88577K, committed 88652K, reserved 1126400K
  class space    used 11325K, capacity 12082K, committed 12108K, reserved 1048576K
}
Event: 15.807 GC heap before
{Heap before GC invocations=20 (full 0):
 garbage-first heap   total 222208K, used 164352K [0x0000000080000000, 0x0000000100000000)
  region size 1024K, 44 young (45056K), 7 survivors (7168K)
 Metaspace       used 88454K, capacity 90617K, committed 90700K, reserved 1128448K
  class space    used 11574K, capacity 12343K, committed 12364K, reserved 1048576K
}

