# JRE version: OpenJDK Runtime Environment (11.0.8+10) (build 11.0.8+10-b944.6842174)
# Java VM: OpenJDK 64-Bit Server VM (11.0.8+10-b944.6842174, mixed mode, tiered, compressed oops, g1 gc, windows-amd64)
Heap:
 garbage-first heap   total 220160K, used 131166K [0x0000000080000000, 0x0000000100000000)
  region size 1024K, 43 young (44032K), 2 survivors (2048K)
 Metaspace       used 124719K, capacity 128772K, committed 129152K, reserved 1163264K
  class space    used 14738K, capacity 16136K, committed 16256K, reserved 1048576K
GC Heap History (20 events):
Event: 2417.342 GC heap before
{Heap before GC invocations=242 (full 0):
 garbage-first heap   total 220160K, used 110759K [0x0000000080000000, 0x0000000100000000)
  region size 1024K, 20 young (20480K), 1 survivors (1024K)
 Metaspace       used 124425K, capacity 128490K, committed 128896K, reserved 1161216K
  class space    used 14722K, capacity 16130K, committed 16256K, reserved 1048576K
}
Event: 2417.345 GC heap after
{Heap after GC invocations=243 (full 0):
 garbage-first heap   total 220160K, used 92518K [0x0000000080000000, 0x0000000100000000)
  region size 1024K, 1 young (1024K), 1 survivors (1024K)
 Metaspace       used 124425K, capacity 128490K, committed 128896K, reserved 1161216K
  class space    used 14722K, capacity 16130K, committed 16256K, reserved 1048576K
}
Event: 2462.080 GC heap before
{Heap before GC invocations=244 (full 0):
 garbage-first heap   total 220160K, used 130406K [0x0000000080000000, 0x0000000100000000)
  region size 1024K, 29 young (29696K), 1 survivors (1024K)
 Metaspace       used 124433K, capacity 128490K, committed 128896K, reserved 1161216K
  class space    used 14722K, capacity 16130K, committed 16256K, reserved 1048576K
}
Event: 2462.091 GC heap after
{Heap after GC invocations=245 (full 0):
 garbage-first heap   total 220160K, used 90159K [0x0000000080000000, 0x0000000100000000)
  region size 1024K, 1 young (1024K), 1 survivors (1024K)
 Metaspace       used 124433K, capacity 128490K, committed 128896K, reserved 1161216K
  class space    used 14722K, capacity 16130K, committed 16256K, reserved 1048576K
}
Event: 2554.595 GC heap before
{Heap before GC invocations=245 (full 0):
 garbage-first heap   total 220160K, used 99375K [0x0000000080000000, 0x0000000100000000)
  region size 1024K, 10 young (10240K), 1 survivors (1024K)
 Metaspace       used 124444K, capacity 128558K, committed 128896K, reserved 1161216K
  class space    used 14722K, capacity 16130K, committed 16256K, reserved 1048576K
}
Event: 2554.604 GC heap after
{Heap after GC invocations=246 (full 0):
 garbage-first heap   total 220160K, used 86779K [0x0000000080000000, 0x0000000100000000)
  region size 1024K, 2 young (2048K), 2 survivors (2048K)
 Metaspace       used 124444K, capacity 128558K, committed 128896K, reserved 1161216K
  class space    used 14722K, capacity 16130K, committed 16256K, reserved 1048576K
}
Event: 2554.873 GC heap before
{Heap before GC invocations=246 (full 0):
 garbage-first heap   total 220160K, used 122619K [0x0000000080000000, 0x0000000100000000)
  region size 1024K, 38 young (38912K), 2 survivors (2048K)
 Metaspace       used 124455K, capacity 128560K, committed 128896K, reserved 1161216K
  class space    used 14723K, capacity 16130K, committed 16256K, reserved 1048576K
}
Event: 2554.883 GC heap after
{Heap after GC invocations=247 (full 0):
 garbage-first heap   total 220160K, used 89878K [0x0000000080000000, 0x0000000100000000)
  region size 1024K, 5 young (5120K), 5 survivors (5120K)
 Metaspace       used 124455K, capacity 128560K, committed 128896K, reserved 1161216K
  class space    used 14723K, capacity 16130K, committed 16256K, reserved 1048576K
}
Event: 2555.345 GC heap before
{Heap before GC invocations=248 (full 0):
 garbage-first heap   total 220160K, used 148246K [0x0000000080000000, 0x0000000100000000)
  region size 1024K, 61 young (62464K), 5 survivors (5120K)
 Metaspace       used 124464K, capacity 128560K, committed 128896K, reserved 1161216K
  class space    used 14723K, capacity 16130K, committed 16256K, reserved 1048576K
}
Event: 2555.361 GC heap after
{Heap after GC invocations=249 (full 0):
 garbage-first heap   total 220160K, used 99495K [0x0000000080000000, 0x0000000100000000)
  region size 1024K, 8 young (8192K), 8 survivors (8192K)
 Metaspace       used 124464K, capacity 128560K, committed 128896K, reserved 1161216K
  class space    used 14723K, capacity 16130K, committed 16256K, reserved 1048576K
}
Event: 2555.368 GC heap before
{Heap before GC invocations=249 (full 0):
 garbage-first heap   total 220160K, used 101543K [0x0000000080000000, 0x0000000100000000)
  region size 1024K, 10 young (10240K), 8 survivors (8192K)
 Metaspace       used 124464K, capacity 128560K, committed 128896K, reserved 1161216K
  class space    used 14723K, capacity 16130K, committed 16256K, reserved 1048576K
}
Event: 2555.382 GC heap after
{Heap after GC invocations=250 (full 0):
 garbage-first heap   total 220160K, used 99997K [0x0000000080000000, 0x0000000100000000)
  region size 1024K, 2 young (2048K), 2 survivors (2048K)
 Metaspace       used 124464K, capacity 128560K, committed 128896K, reserved 1161216K
  class space    used 14723K, capacity 16130K, committed 16256K, reserved 1048576K
}
Event: 2555.890 GC heap before
{Heap before GC invocations=250 (full 0):
 garbage-first heap   total 220160K, used 154269K [0x0000000080000000, 0x0000000100000000)
  region size 1024K, 56 young (57344K), 2 survivors (2048K)
 Metaspace       used 124602K, capacity 128702K, committed 129152K, reserved 1163264K
  class space    used 14735K, capacity 16135K, committed 16256K, reserved 1048576K
}
Event: 2555.900 GC heap after
{Heap after GC invocations=251 (full 0):
 garbage-first heap   total 220160K, used 101914K [0x0000000080000000, 0x0000000100000000)
  region size 1024K, 4 young (4096K), 4 survivors (4096K)
 Metaspace       used 124602K, capacity 128702K, committed 129152K, reserved 1163264K
  class space    used 14735K, capacity 16135K, committed 16256K, reserved 1048576K
}
Event: 3094.996 GC heap before
{Heap before GC invocations=252 (full 0):
 garbage-first heap   total 220160K, used 169498K [0x0000000080000000, 0x0000000100000000)
  region size 1024K, 61 young (62464K), 4 survivors (4096K)
 Metaspace       used 124686K, capacity 128704K, committed 129152K, reserved 1163264K
  class space    used 14736K, capacity 16135K, committed 16256K, reserved 1048576K
}
Event: 3095.013 GC heap after
{Heap after GC invocations=253 (full 0):
 garbage-first heap   total 220160K, used 102400K [0x0000000080000000, 0x0000000100000000)
  region size 1024K, 6 young (6144K), 6 survivors (6144K)
 Metaspace       used 124686K, capacity 128704K, committed 129152K, reserved 1163264K
  class space    used 14736K, capacity 16135K, committed 16256K, reserved 1048576K
}
Event: 3095.276 GC heap before
{Heap before GC invocations=253 (full 0):
 garbage-first heap   total 220160K, used 106496K [0x0000000080000000, 0x0000000100000000)
  region size 1024K, 10 young (10240K), 6 survivors (6144K)
 Metaspace       used 124694K, capacity 128704K, committed 129152K, reserved 1163264K
  class space    used 14736K, capacity 16135K, committed 16256K, reserved 1048576K
}
Event: 3095.314 GC heap after
{Heap after GC invocations=254 (full 0):
 garbage-first heap   total 220160K, used 89518K [0x0000000080000000, 0x0000000100000000)
  region size 1024K, 2 young (2048K), 2 survivors (2048K)
 Metaspace       used 124694K, capacity 128704K, committed 129152K, reserved 1163264K
  class space    used 14736K, capacity 16135K, committed 16256K, reserved 1048576K
}
Event: 3095.511 GC heap before
{Heap before GC invocations=254 (full 0):
 garbage-first heap   total 220160K, used 111022K [0x0000000080000000, 0x0000000100000000)
  region size 1024K, 25 young (25600K), 2 survivors (2048K)
 Metaspace       used 124699K, capacity 128704K, committed 129152K, reserved 1163264K
  class space    used 14736K, capacity 16135K, committed 16256K, reserved 1048576K
}
Event: 3095.523 GC heap after
{Heap after GC invocations=255 (full 0):
 garbage-first heap   total 220160K, used 89353K [0x0000000080000000, 0x0000000100000000)
  region size 1024K, 2 young (2048K), 2 survivors (2048K)
 Metaspace       used 124699K, capacity 128704K, committed 129152K, reserved 1163264K
  class space    used 14736K, capacity 16135K, committed 16256K, reserved 1048576K
}

